<?xml version="1.0" encoding="UTF-8"?>
<testsuite xmlns:xsi="http://www.w3.org/2001/XMLSchema-instance" xsi:schemaLocation="https://maven.apache.org/surefire/maven-surefire-plugin/xsd/surefire-test-report.xsd" name="TestSuite" time="34.284" tests="3" errors="0" skipped="0" failures="1">
  <properties>
    <property name="PROCESSOR_ARCHITECTURE" value="AMD64"/>
    <property name="file.encoding.pkg" value="sun.io"/>
    <property name="LOGONSERVER" value="\\STLCOLODC01"/>
    <property name="classpath" value=""/>
    <property name="ProgramData" value="C:\ProgramData"/>
    <property name="java.home" value="C:\Program Files\Java\jdk1.8.0_311\jre"/>
    <property name="NODE_NAME" value="built-in"/>
    <property name="JENKINS_URL" value="http://localhost:8080/"/>
    <property name="ALLUSERSPROFILE" value="C:\ProgramData"/>
    <property name="java.endorsed.dirs" value="C:\Program Files\Java\jdk1.8.0_311\jre\lib\endorsed"/>
    <property name="PSModulePath" value="C:\Program Files\WindowsPowerShell\Modules;C:\windows\system32\WindowsPowerShell\v1.0\Modules"/>
    <property name="=::" value="::\"/>
    <property name="USERDOMAIN" value="PERFICIENT"/>
    <property name="sun.os.patch.level" value=""/>
    <property name="java.vendor.url" value="http://java.oracle.com/"/>
    <property name="CommonProgramFiles(x86)" value="C:\Program Files (x86)\Common Files"/>
    <property name="java.version" value="1.8.0_311"/>
    <property name="JOB_NAME" value="xbox_live"/>
    <property name="COMPUTERNAME" value="PRFT-16789"/>
    <property name="java.vendor.url.bug" value="http://bugreport.sun.com/bugreport/"/>
    <property name="PUBLIC" value="C:\Users\Public"/>
    <property name="user.name" value="jett.miller"/>
    <property name="sun.io.unicode.encoding" value="UnicodeLittle"/>
    <property name="sun.jnu.encoding" value="Cp1252"/>
    <property name="java.runtime.name" value="Java(TM) SE Runtime Environment"/>
    <property name="windir" value="C:\windows"/>
    <property name="PROCESSOR_IDENTIFIER" value="Intel64 Family 6 Model 141 Stepping 1, GenuineIntel"/>
    <property name="java.specification.name" value="Java Platform API Specification"/>
    <property name="LOCALAPPDATA" value="C:\Users\Jett.Miller\AppData\Local"/>
    <property name="RUN_CHANGES_DISPLAY_URL" value="http://localhost:8080/job/xbox_live/33/display/redirect?page=changes"/>
    <property name="user.timezone" value="America/Chicago"/>
    <property name="user.script" value=""/>
    <property name="path.separator" value=";"/>
    <property name="NUMBER_OF_PROCESSORS" value="16"/>
    <property name="BUILD_TAG" value="jenkins-xbox_live-33"/>
    <property name="file.encoding" value="Cp1252"/>
    <property name="sun.java.command" value="jenkins.maven3.agent.Maven35Main C:\Users\Jett.Miller\.jenkins\tools\hudson.tasks.Maven_MavenInstallation\Maven3 C:\Users\Jett.Miller\.jenkins\war\WEB-INF\lib\remoting-4.11.2.jar C:\Users\Jett.Miller\.jenkins\plugins\maven-plugin\WEB-INF\lib\maven35-interceptor-1.13.jar C:\Users\Jett.Miller\.jenkins\plugins\maven-plugin\WEB-INF\lib\maven3-interceptor-commons-1.13.jar 60892"/>
    <property name="HUDSON_URL" value="http://localhost:8080/"/>
    <property name="JENKINS_SERVER_COOKIE" value="9237d61056df9cbc"/>
    <property name="EXECUTOR_NUMBER" value="1"/>
    <property name="Path" value="C:\Program Files\Java\jdk1.8.0_311/bin;C:\Program Files (x86)\Common Files\Oracle\Java\javapath;C:\windows\system32;C:\windows;C:\windows\System32\Wbem;C:\windows\System32\WindowsPowerShell\v1.0\;C:\windows\System32\OpenSSH\;C:\Program Files (x86)\Pulse Secure\VC142.CRT\X64\;C:\Program Files (x86)\Pulse Secure\VC142.CRT\X86\;C:\Program Files\Git\cmd;C:\Program Files\nodejs\;C:\Program Files\Java\jdk1.8.0_311\bin C:\Program Files\apache-maven-3.8.4\bin;C:\Users\Jett.Miller\AppData\Roaming\npm;C:\Users\Jett.Miller\AppData\Local\Programs\Microsoft VS Code\bin"/>
    <property name="GIT_COMMIT" value="698fb208589609155a59c493c642a3a51c1b2f48"/>
    <property name="java.io.tmpdir" value="C:\Users\JETT~1.MIL\AppData\Local\Temp\"/>
    <property name="APPDATA" value="C:\Users\Jett.Miller\AppData\Roaming"/>
    <property name="user.language" value="en"/>
    <property name="line.separator" value="&#10;"/>
    <property name="BUILD_URL" value="http://localhost:8080/job/xbox_live/33/"/>
    <property name="M2_HOME" value="C:\Users\Jett.Miller\.jenkins\tools\hudson.tasks.Maven_MavenInstallation\Maven3"/>
    <property name="=C:" value="C:\Users\Jett.Miller\Downloads"/>
    <property name="ZES_ENABLE_SYSMAN" value="1"/>
    <property name="java.vm.info" value="mixed mode"/>
    <property name="DriverData" value="C:\Windows\System32\Drivers\DriverData"/>
    <property name="sun.desktop" value="windows"/>
    <property name="java.vm.specification.name" value="Java Virtual Machine Specification"/>
    <property name="CI" value="true"/>
    <property name="BUILD_DISPLAY_NAME" value="#33"/>
    <property name="OS" value="Windows_NT"/>
    <property name="guice.disable.misplaced.annotation.check" value="true"/>
    <property name="HUDSON_SERVER_COOKIE" value="9237d61056df9cbc"/>
    <property name="WORKSPACE_TMP" value="C:\Users\Jett.Miller\.jenkins\workspace\xbox_live@tmp"/>
    <property name="MAVEN_HOME" value="C:\Users\Jett.Miller\.jenkins\tools\hudson.tasks.Maven_MavenInstallation\Maven3"/>
    <property name="SESSIONNAME" value="Console"/>
    <property name="PATHEXT" value=".COM;.EXE;.BAT;.CMD;.VBS;.VBE;.JS;.JSE;.WSF;.WSH;.MSC"/>
    <property name="java.awt.printerjob" value="sun.awt.windows.WPrinterJob"/>
    <property name="maven3.interceptor.common" value="C:\Users\Jett.Miller\.jenkins\plugins\maven-plugin\WEB-INF\lib\maven3-interceptor-commons-1.13.jar"/>
    <property name="jansi.mode" value="strip"/>
    <property name="HOMEPATH" value="\Users\Jett.Miller"/>
    <property name="os.name" value="Windows 10"/>
    <property name="java.specification.vendor" value="Oracle Corporation"/>
    <property name="java.vm.name" value="Java HotSpot(TM) 64-Bit Server VM"/>
    <property name="BUILD_NUMBER" value="33"/>
    <property name="maven3.interceptor" value="C:\Users\Jett.Miller\.jenkins\plugins\maven-plugin\WEB-INF\lib\maven35-interceptor-1.13.jar"/>
    <property name="java.library.path" value="C:\Program Files\Java\jdk1.8.0_311\bin;C:\windows\Sun\Java\bin;C:\windows\system32;C:\windows;C:\Users\Jett.Miller\.jenkins\tools\hudson.tasks.Maven_MavenInstallation\Maven3/bin;C:\Program Files\Java\jdk1.8.0_311/bin;C:\Program Files\Java\jdk1.8.0_311/bin;C:\Program Files (x86)\Common Files\Oracle\Java\javapath;C:\windows\system32;C:\windows;C:\windows\System32\Wbem;C:\windows\System32\WindowsPowerShell\v1.0\;C:\windows\System32\OpenSSH\;C:\Program Files (x86)\Pulse Secure\VC142.CRT\X64\;C:\Program Files (x86)\Pulse Secure\VC142.CRT\X86\;C:\Program Files\Git\cmd;C:\Program Files\nodejs\;C:\Program Files\Java\jdk1.8.0_311\bin C:\Program Files\apache-maven-3.8.4\bin;C:\Users\Jett.Miller\AppData\Roaming\npm;C:\Users\Jett.Miller\AppData\Local\Programs\Microsoft VS Code\bin;."/>
    <property name="HOMEDRIVE" value="C:"/>
    <property name="POM_GROUPID" value="TEST"/>
    <property name="POM_ARTIFACTID" value="PerficientGDCSeleniumFrameworkMaven"/>
    <property name="java.class.version" value="52.0"/>
    <property name="JOB_URL" value="http://localhost:8080/job/xbox_live/"/>
    <property name="GIT_PREVIOUS_COMMIT" value="103a2b501f223c0429e6d8e8e1298eb7416faf50"/>
    <property name="OneDrive" value="C:\Users\Jett.Miller\OneDrive"/>
    <property name="GIT_BRANCH" value="origin/take2"/>
    <property name="RUN_DISPLAY_URL" value="http://localhost:8080/job/xbox_live/33/display/redirect"/>
    <property name="JENKINS_HOME" value="C:\Users\Jett.Miller\.jenkins"/>
    <property name="BUILD_ID" value="33"/>
    <property name="TEMP" value="C:\Users\JETT~1.MIL\AppData\Local\Temp"/>
    <property name="sun.boot.library.path" value="C:\Program Files\Java\jdk1.8.0_311\jre\bin"/>
    <property name="sun.management.compiler" value="HotSpot 64-Bit Tiered Compilers"/>
    <property name="java.awt.graphicsenv" value="sun.awt.Win32GraphicsEnvironment"/>
    <property name="user.variant" value=""/>
    <property name="PROCESSOR_REVISION" value="8d01"/>
    <property name="POM_VERSION" value="0.0.1-SNAPSHOT"/>
    <property name="HUDSON_HOME" value="C:\Users\Jett.Miller\.jenkins"/>
    <property name="GIT_PREVIOUS_SUCCESSFUL_COMMIT" value="c017273ac622dcc63ab499ab84088497c0bfabaf"/>
    <property name="ProgramFiles(x86)" value="C:\Program Files (x86)"/>
    <property name="PATH+MAVEN" value="C:\Users\Jett.Miller\.jenkins\tools\hudson.tasks.Maven_MavenInstallation\Maven3/bin"/>
    <property name="USERDOMAIN_ROAMINGPROFILE" value="PERFICIENT"/>
    <property name="RUN_ARTIFACTS_DISPLAY_URL" value="http://localhost:8080/job/xbox_live/33/display/redirect?page=artifacts"/>
    <property name="PROMPT" value="$P$G"/>
    <property name="java.vm.specification.version" value="1.8"/>
    <property name="JAVA_HOME" value="C:\Program Files\Java\jdk1.8.0_311"/>
    <property name="awt.toolkit" value="sun.awt.windows.WToolkit"/>
    <property name="NODE_LABELS" value="built-in"/>
    <property name="sun.cpu.isalist" value="amd64"/>
    <property name="USERPROFILE" value="C:\Users\Jett.Miller"/>
    <property name="__PSLockDownPolicy" value="0"/>
    <property name="JOB_DISPLAY_URL" value="http://localhost:8080/job/xbox_live/display/redirect"/>
    <property name="java.ext.dirs" value="C:\Program Files\Java\jdk1.8.0_311\jre\lib\ext;C:\windows\Sun\Java\lib\ext"/>
    <property name="os.version" value="10.0"/>
    <property name="user.home" value="C:\Users\Jett.Miller"/>
    <property name="USERNAME" value="jett.miller"/>
    <property name="java.vm.vendor" value="Oracle Corporation"/>
    <property name="PROCESSOR_LEVEL" value="6"/>
    <property name="USERDNSDOMAIN" value="PERFICIENT.COM"/>
    <property name="CommonProgramW6432" value="C:\Program Files\Common Files"/>
    <property name="user.dir" value="C:\Users\Jett.Miller\eclipse-workspace\XboxAssignment"/>
    <property name="maven.conf" value="C:\Users\Jett.Miller\.jenkins\tools\hudson.tasks.Maven_MavenInstallation\Maven3\conf"/>
    <property name="ProgramW6432" value="C:\Program Files"/>
    <property name="TMP" value="C:\Users\JETT~1.MIL\AppData\Local\Temp"/>
    <property name="sun.cpu.endian" value="little"/>
    <property name="SystemDrive" value="C:"/>
    <property name="java.vm.version" value="25.311-b11"/>
    <property name="java.class.path" value="C:\Users\Jett.Miller\.jenkins\plugins\maven-plugin\WEB-INF\lib\maven35-agent-1.13.jar;C:\Users\Jett.Miller\.jenkins\tools\hudson.tasks.Maven_MavenInstallation\Maven3\boot\plexus-classworlds-2.6.0.jar;C:\Users\Jett.Miller\.jenkins\tools\hudson.tasks.Maven_MavenInstallation\Maven3/conf/logging"/>
    <property name="org.slf4j.simpleLogger.defaultLogLevel" value="info"/>
    <property name="os.arch" value="amd64"/>
    <property name="OneDriveConsumer" value="C:\Users\Jett.Miller\OneDrive"/>
    <property name="WORKSPACE" value="C:\Users\Jett.Miller\.jenkins\workspace\xbox_live"/>
    <property name="ComSpec" value="C:\windows\system32\cmd.exe"/>
    <property name="RUN_TESTS_DISPLAY_URL" value="http://localhost:8080/job/xbox_live/33/display/redirect?page=tests"/>
    <property name="sun.java.launcher" value="SUN_STANDARD"/>
    <property name="SystemRoot" value="C:\windows"/>
    <property name="CommonProgramFiles" value="C:\Program Files\Common Files"/>
    <property name="java.vm.specification.vendor" value="Oracle Corporation"/>
    <property name="file.separator" value="\"/>
    <property name="java.runtime.version" value="1.8.0_311-b11"/>
    <property name="ProgramFiles" value="C:\Program Files"/>
    <property name="sun.boot.class.path" value="C:\Program Files\Java\jdk1.8.0_311\jre\lib\resources.jar;C:\Program Files\Java\jdk1.8.0_311\jre\lib\rt.jar;C:\Program Files\Java\jdk1.8.0_311\jre\lib\sunrsasign.jar;C:\Program Files\Java\jdk1.8.0_311\jre\lib\jsse.jar;C:\Program Files\Java\jdk1.8.0_311\jre\lib\jce.jar;C:\Program Files\Java\jdk1.8.0_311\jre\lib\charsets.jar;C:\Program Files\Java\jdk1.8.0_311\jre\lib\jfr.jar;C:\Program Files\Java\jdk1.8.0_311\jre\classes"/>
    <property name="PATH+JDK" value="C:\Program Files\Java\jdk1.8.0_311/bin"/>
    <property name="user.country" value="US"/>
    <property name="POM_PACKAGING" value="jar"/>
    <property name="maven.home" value="C:\Users\Jett.Miller\.jenkins\tools\hudson.tasks.Maven_MavenInstallation\Maven3"/>
    <property name="JOB_BASE_NAME" value="xbox_live"/>
    <property name="java.vendor" value="Oracle Corporation"/>
    <property name="POM_DISPLAYNAME" value="PerficientGDCSeleniumFrameworkMaven"/>
    <property name="java.specification.version" value="1.8"/>
    <property name="sun.arch.data.model" value="64"/>
    <property name="GIT_URL" value="https://github.com/JettMiller/xbox_live.git/"/>
  </properties>
  <testcase name="gtsearch" classname="xbox.testcases.XboxVerify" time="10.522">
    <failure message="no such element: Unable to locate element: {&quot;method&quot;:&quot;xpath&quot;,&quot;selector&quot;:&quot;/html/body/div[1]/div[2]/div/div[1]/div/div/div[1]/h3/a&quot;}&#10;  (Session info: chrome=97.0.4692.99)&#10;For documentation on this error, please visit: http://seleniumhq.org/exceptions/no_such_element.html&#10;Build info: version: &apos;3.4.0&apos;, revision: &apos;unknown&apos;, time: &apos;unknown&apos;&#10;System info: host: &apos;PRFT-16789&apos;, ip: &apos;10.128.206.127&apos;, os.name: &apos;Windows 10&apos;, os.arch: &apos;amd64&apos;, os.version: &apos;10.0&apos;, java.version: &apos;1.8.0_311&apos;&#10;Driver info: org.openqa.selenium.chrome.ChromeDriver&#10;Capabilities [{networkConnectionEnabled=false, chrome={chromedriverVersion=96.0.4664.45 (76e4c1bb2ab4671b8beba3444e61c0f17584b2fc-refs/branch-heads/4664@{#947}), userDataDir=C:\Users\JETT~1.MIL\AppData\Local\Temp\scoped_dir9600_1215360632}, timeouts={implicit=0.0, pageLoad=300000.0, script=30000.0}, pageLoadStrategy=normal, unhandledPromptBehavior=dismiss and notify, strictFileInteractability=false, platform=ANY, proxy=Proxy(), goog:chromeOptions={debuggerAddress=localhost:60906}, webauthn:extension:credBlob=true, acceptInsecureCerts=false, browserVersion=97.0.4692.99, browserName=chrome, javascriptEnabled=true, platformName=windows, setWindowRect=true, webauthn:extension:largeBlob=true, webauthn:virtualAuthenticators=true}]&#10;Session ID: 2a4e73e4bf87f19c13e80a7c5f3dd8d3&#10;*** Element info: {Using=xpath, value=/html/body/div[1]/div[2]/div/div[1]/div/div/div[1]/h3/a}" type="org.openqa.selenium.NoSuchElementException">org.openqa.selenium.NoSuchElementException: 
no such element: Unable to locate element: {"method":"xpath","selector":"/html/body/div[1]/div[2]/div/div[1]/div/div/div[1]/h3/a"}
  (Session info: chrome=97.0.4692.99)
For documentation on this error, please visit: http://seleniumhq.org/exceptions/no_such_element.html
Build info: version: '3.4.0', revision: 'unknown', time: 'unknown'
System info: host: 'PRFT-16789', ip: '10.128.206.127', os.name: 'Windows 10', os.arch: 'amd64', os.version: '10.0', java.version: '1.8.0_311'
Driver info: org.openqa.selenium.chrome.ChromeDriver
Capabilities [{networkConnectionEnabled=false, chrome={chromedriverVersion=96.0.4664.45 (76e4c1bb2ab4671b8beba3444e61c0f17584b2fc-refs/branch-heads/4664@{#947}), userDataDir=C:\Users\JETT~1.MIL\AppData\Local\Temp\scoped_dir9600_1215360632}, timeouts={implicit=0.0, pageLoad=300000.0, script=30000.0}, pageLoadStrategy=normal, unhandledPromptBehavior=dismiss and notify, strictFileInteractability=false, platform=ANY, proxy=Proxy(), goog:chromeOptions={debuggerAddress=localhost:60906}, webauthn:extension:credBlob=true, acceptInsecureCerts=false, browserVersion=97.0.4692.99, browserName=chrome, javascriptEnabled=true, platformName=windows, setWindowRect=true, webauthn:extension:largeBlob=true, webauthn:virtualAuthenticators=true}]
Session ID: 2a4e73e4bf87f19c13e80a7c5f3dd8d3
*** Element info: {Using=xpath, value=/html/body/div[1]/div[2]/div/div[1]/div/div/div[1]/h3/a}
	at xbox.testcases.XboxVerify.gtsearch(XboxVerify.java:97)
</failure>
    <system-out><![CDATA[Warning: Not found test data file testdata_XboxVerify.properties
Validating first four games of GlaringParrot55
]]></system-out>
    <system-err><![CDATA[Jan 28, 2022 11:19:57 AM xbox.testcases.XboxVerify setUpBrowser
INFO: running TEST Case:xbox.testcases.XboxVerify
Jan 28, 2022 11:19:57 AM xbox.testcases.XboxVerify initParams
INFO: onGrid=false
Jan 28, 2022 11:19:57 AM xbox.testcases.XboxVerify initParams
INFO: browserFlag=chrome
Starting ChromeDriver 96.0.4664.45 (76e4c1bb2ab4671b8beba3444e61c0f17584b2fc-refs/branch-heads/4664@{#947}) on port 4094
Only local connections are allowed.
Please see https://chromedriver.chromium.org/security-considerations for suggestions on keeping ChromeDriver safe.
ChromeDriver was started successfully.
[1643390398.835][WARNING]: This version of ChromeDriver has not been tested with Chrome version 97.
Jan 28, 2022 11:19:58 AM org.openqa.selenium.remote.ProtocolHandshake createSession
INFO: Detected dialect: W3C
Jan 28, 2022 11:19:59 AM xbox.testcases.XboxVerify setDefaultTestData
INFO: Setting...filename=testdata_XboxVerify.properties
Jan 28, 2022 11:19:59 AM util.LogWebDriverEventListener beforeNavigateTo
INFO: WebDriver navigating to:'https://www.xboxgamertag.com/leaderboards'
Jan 28, 2022 11:20:05 AM util.LogWebDriverEventListener beforeClickOn
INFO: WebDriver clicking on[[ChromeDriver: chrome on ANY (2a4e73e4bf87f19c13e80a7c5f3dd8d3)] -> xpath: //*[@id="navbarSupportedContent"]/form/button]
Jan 28, 2022 11:20:09 AM util.LogWebDriverEventListener onException
SEVERE: WebDriver error: Element not found By.xpath: /html/body/div[1]/div[2]/div/div[1]/div/div/div[1]/h3/a
]]></system-err>
  </testcase>
  <testcase name="open" classname="xbox.testcases.XboxVerify" time="5.228"/>
  <testcase name="top5gt" classname="xbox.testcases.XboxVerify" time="4.992"/>
</testsuite>