<?xml version="1.0" encoding="UTF-8"?>
<!-- Generated by org.testng.reporters.JUnitReportReporter -->
<testsuite skipped="0" hostname="PRFT-16789" name="util.xbox_live" tests="2" failures="0" timestamp="2022-01-20T15:46:23 CST" time="19.716" errors="0">
  <testcase name="recentgames" time="12.897" classname="util.xbox_live"/>
  <system-out/>
  <testcase name="top5" time="6.819" classname="util.xbox_live"/>
  <system-out/>
</testsuite> <!-- util.xbox_live -->
