<?xml version="1.0" encoding="UTF-8"?>
<!-- Generated by org.testng.reporters.JUnitReportReporter -->
<testsuite hostname="PRFT-13975" failures="0" tests="1" name="xbox.testcases.XboxVerify" time="5.201" errors="0" timestamp="27 Jan 2022 23:32:31 GMT">
  <testcase classname="xbox.testcases.XboxVerify" name="open" time="5.201"/>
</testsuite> <!-- xbox.testcases.XboxVerify -->
