<?xml version="1.0" encoding="UTF-8"?>
<!-- Generated by org.testng.reporters.JUnitReportReporter -->
<testsuite skipped="0" hostname="PRFT-16789" name="util.live_test" tests="2" failures="0" timestamp="2022-01-26T13:01:17 CST" time="15.367" errors="0">
  <testcase name="recentgames" time="8.868" classname="util.live_test"/>
  <system-out/>
  <testcase name="top5" time="6.499" classname="util.live_test"/>
  <system-out/>
</testsuite> <!-- util.live_test -->
