<?xml version="1.0" encoding="UTF-8"?>
<!-- Generated by org.testng.reporters.JUnitReportReporter -->
<testsuite hostname="PRFT-16789" name="xbox.testcases.XboxVerify" tests="3" failures="0" timestamp="28 Jan 2022 17:00:58 GMT" time="31.717" errors="0">
  <testcase name="top5gt" time="8.052" classname="xbox.testcases.XboxVerify"/>
  <testcase name="gtsearch" time="15.989" classname="xbox.testcases.XboxVerify"/>
  <testcase name="open" time="7.676" classname="xbox.testcases.XboxVerify"/>
</testsuite> <!-- xbox.testcases.XboxVerify -->
