<?xml version="1.0" encoding="UTF-8"?>
<!-- Generated by org.testng.reporters.JUnitReportReporter -->
<testsuite hostname="PRFT-16789" name="xbox.testcases.XboxVerify" tests="3" failures="0" timestamp="28 Jan 2022 17:02:40 GMT" time="28.848" errors="0">
  <testcase name="top5gt" time="7.679" classname="xbox.testcases.XboxVerify"/>
  <testcase name="gtsearch" time="13.176" classname="xbox.testcases.XboxVerify"/>
  <testcase name="open" time="7.993" classname="xbox.testcases.XboxVerify"/>
</testsuite> <!-- xbox.testcases.XboxVerify -->
