<?xml version="1.0" encoding="UTF-8"?>
<!-- Generated by org.testng.reporters.JUnitReportReporter -->
<testsuite hostname="PRFT-16789" name="xbox.testcases.XboxVerify" tests="1" failures="0" timestamp="28 Jan 2022 16:50:06 GMT" time="8.430" errors="0">
  <testcase name="open" time="8.430" classname="xbox.testcases.XboxVerify"/>
</testsuite> <!-- xbox.testcases.XboxVerify -->
