<?xml version="1.0" encoding="UTF-8"?>
<!-- Generated by org.testng.reporters.JUnitReportReporter -->
<testsuite hostname="PRFT-16789" name="xbox.testcases.XboxVerify" tests="2" failures="0" timestamp="28 Jan 2022 17:24:31 GMT" time="23.255" errors="0">
  <testcase name="gtsearch" time="15.233" classname="xbox.testcases.XboxVerify"/>
  <testcase name="top5gt" time="8.022" classname="xbox.testcases.XboxVerify"/>
</testsuite> <!-- xbox.testcases.XboxVerify -->
